Using pre-set license
Built from '2021.3/china_unity/release' branch; Version is '2021.3.29f1c1 (0b77087ad835) revision 751368'; Using compiler version '192829333'; Build Type 'Release'
OS: 'Windows 10  (10.0.19045) 64bit CoreCountrySpecific' Language: 'zh' Physical Memory: 15741 MB
BatchMode: 1, IsHumanControllingUs: 0, StartBugReporterOnCrash: 0, Is64bit: 1, IsPro: 1

COMMAND LINE ARGUMENTS:
D:\Unity\Unity2021.3\2021.3.29f1c1\Editor\Unity.exe
-adb2
-batchMode
-noUpm
-name
AssetImportWorker2
-projectPath
D:/Unity/2Dlittlegame
-logFile
Logs/AssetImportWorker2.log
-srvPort
53842
Successfully changed project path to: D:/Unity/2Dlittlegame
D:/Unity/2Dlittlegame
[UnityMemory] Configuration Parameters - Can be set up in boot.config
    "memorysetup-bucket-allocator-granularity=16"
    "memorysetup-bucket-allocator-bucket-count=8"
    "memorysetup-bucket-allocator-block-size=33554432"
    "memorysetup-bucket-allocator-block-count=8"
    "memorysetup-main-allocator-block-size=16777216"
    "memorysetup-thread-allocator-block-size=16777216"
    "memorysetup-gfx-main-allocator-block-size=16777216"
    "memorysetup-gfx-thread-allocator-block-size=16777216"
    "memorysetup-cache-allocator-block-size=4194304"
    "memorysetup-typetree-allocator-block-size=2097152"
    "memorysetup-profiler-bucket-allocator-granularity=16"
    "memorysetup-profiler-bucket-allocator-bucket-count=8"
    "memorysetup-profiler-bucket-allocator-block-size=33554432"
    "memorysetup-profiler-bucket-allocator-block-count=8"
    "memorysetup-profiler-allocator-block-size=16777216"
    "memorysetup-profiler-editor-allocator-block-size=1048576"
    "memorysetup-temp-allocator-size-main=16777216"
    "memorysetup-job-temp-allocator-block-size=2097152"
    "memorysetup-job-temp-allocator-block-size-background=1048576"
    "memorysetup-job-temp-allocator-reduction-small-platforms=262144"
    "memorysetup-temp-allocator-size-background-worker=32768"
    "memorysetup-temp-allocator-size-job-worker=262144"
    "memorysetup-temp-allocator-size-preload-manager=33554432"
    "memorysetup-temp-allocator-size-nav-mesh-worker=65536"
    "memorysetup-temp-allocator-size-audio-worker=65536"
    "memorysetup-temp-allocator-size-cloud-worker=32768"
    "memorysetup-temp-allocator-size-gi-baking-worker=262144"
    "memorysetup-temp-allocator-size-gfx=262144"
Player connection [27552] Host "[IP] 192.168.56.1 [Port] 0 [Flags] 2 [Guid] 1552219381 [EditorId] 1552219381 [Version] 1048832 [Id] WindowsEditor(7,LAPTOP-1TJ8CECA) [Debug] 1 [PackageName] WindowsEditor [ProjectName] Editor" joined multi-casting on [225.0.0.222:54997]...

Player connection [27552] Host "[IP] 192.168.56.1 [Port] 0 [Flags] 2 [Guid] 1552219381 [EditorId] 1552219381 [Version] 1048832 [Id] WindowsEditor(7,LAPTOP-1TJ8CECA) [Debug] 1 [PackageName] WindowsEditor [ProjectName] Editor" joined alternative multi-casting on [225.0.0.222:34997]...

AS: AutoStreaming module initializing.
Refreshing native plugins compatible for Editor in 79.12 ms, found 3 plugins.
Preloading 0 native plugins for Editor in 0.00 ms.
Initialize engine version: 2021.3.29f1c1 (0b77087ad835)
[Subsystems] Discovering subsystems at path D:/Unity/Unity2021.3/2021.3.29f1c1/Editor/Data/Resources/UnitySubsystems
[Subsystems] Discovering subsystems at path D:/Unity/2Dlittlegame/Assets
GfxDevice: creating device client; threaded=0; jobified=0
Direct3D:
    Version:  Direct3D 11.0 [level 11.1]
    Renderer: NVIDIA GeForce GTX 1650 (ID=0x1f99)
    Vendor:   NVIDIA
    VRAM:     3949 MB
    Driver:   31.0.15.3713
Initialize mono
Mono path[0] = 'D:/Unity/Unity2021.3/2021.3.29f1c1/Editor/Data/Managed'
Mono path[1] = 'D:/Unity/Unity2021.3/2021.3.29f1c1/Editor/Data/MonoBleedingEdge/lib/mono/unityjit-win32'
Mono config path = 'D:/Unity/Unity2021.3/2021.3.29f1c1/Editor/Data/MonoBleedingEdge/etc'
Using monoOptions --debugger-agent=transport=dt_socket,embedding=1,server=y,suspend=n,address=127.0.0.1:56420
Begin MonoManager ReloadAssembly
Registering precompiled unity dll's ...
Register platform support module: D:/Unity/Unity2021.3/2021.3.29f1c1/Editor/Data/PlaybackEngines/AndroidPlayer/UnityEditor.Android.Extensions.dll
Register platform support module: D:/Unity/Unity2021.3/2021.3.29f1c1/Editor/Data/PlaybackEngines/WindowsStandaloneSupport/UnityEditor.WindowsStandalone.Extensions.dll
Registered in 0.010433 seconds.
Native extension for WindowsStandalone target not found
Native extension for Android target not found
Android Extension - Scanning For ADB Devices 593 ms
Refreshing native plugins compatible for Editor in 68.67 ms, found 3 plugins.
Preloading 0 native plugins for Editor in 0.00 ms.
Mono: successfully reloaded assembly
- Completed reload, in  1.599 seconds
Domain Reload Profiling:
	ReloadAssembly (1600ms)
		BeginReloadAssembly (231ms)
			ExecutionOrderSort (0ms)
			DisableScriptedObjects (0ms)
			BackupInstance (0ms)
			ReleaseScriptingObjects (0ms)
			CreateAndSetChildDomain (1ms)
		EndReloadAssembly (1180ms)
			LoadAssemblies (213ms)
			RebuildTransferFunctionScriptingTraits (0ms)
			SetupTypeCache (126ms)
			ReleaseScriptCaches (0ms)
			RebuildScriptCaches (28ms)
			SetupLoadedEditorAssemblies (943ms)
				LogAssemblyErrors (0ms)
				InitializePlatformSupportModulesInManaged (689ms)
				SetLoadedEditorAssemblies (0ms)
				RefreshPlugins (69ms)
				BeforeProcessingInitializeOnLoad (1ms)
				ProcessInitializeOnLoadAttributes (97ms)
				ProcessInitializeOnLoadMethodAttributes (86ms)
				AfterProcessingInitializeOnLoad (0ms)
				EditorAssembliesLoaded (0ms)
			ExecutionOrderSort2 (0ms)
			AwakeInstancesAfterBackupRestoration (0ms)
Platform modules already initialized, skipping
Registering precompiled user dll's ...
Registered in 0.036755 seconds.
Begin MonoManager ReloadAssembly
Symbol file LoadedFromMemory doesn't match image D:\Unity\2Dlittlegame\Library\PackageCache\com.unity.visualscripting@1.8.0\Editor\VisualScripting.Core\Dependencies\YamlDotNet\Unity.VisualScripting.YamlDotNet.dll
Symbol file LoadedFromMemory doesn't match image D:\Unity\2Dlittlegame\Library\PackageCache\com.unity.visualscripting@1.8.0\Editor\VisualScripting.Core\Dependencies\DotNetZip\Unity.VisualScripting.IonicZip.dll
Native extension for WindowsStandalone target not found
Native extension for Android target not found
Refreshing native plugins compatible for Editor in 0.49 ms, found 3 plugins.
Preloading 0 native plugins for Editor in 0.00 ms.
Mono: successfully reloaded assembly
- Completed reload, in  1.791 seconds
Domain Reload Profiling:
	ReloadAssembly (1792ms)
		BeginReloadAssembly (249ms)
			ExecutionOrderSort (0ms)
			DisableScriptedObjects (6ms)
			BackupInstance (0ms)
			ReleaseScriptingObjects (0ms)
			CreateAndSetChildDomain (22ms)
		EndReloadAssembly (1352ms)
			LoadAssemblies (240ms)
			RebuildTransferFunctionScriptingTraits (0ms)
			SetupTypeCache (366ms)
			ReleaseScriptCaches (1ms)
			RebuildScriptCaches (67ms)
			SetupLoadedEditorAssemblies (663ms)
				LogAssemblyErrors (0ms)
				InitializePlatformSupportModulesInManaged (25ms)
				SetLoadedEditorAssemblies (0ms)
				RefreshPlugins (1ms)
				BeforeProcessingInitializeOnLoad (104ms)
				ProcessInitializeOnLoadAttributes (468ms)
				ProcessInitializeOnLoadMethodAttributes (24ms)
				AfterProcessingInitializeOnLoad (40ms)
				EditorAssembliesLoaded (0ms)
			ExecutionOrderSort2 (0ms)
			AwakeInstancesAfterBackupRestoration (31ms)
Platform modules already initialized, skipping
========================================================================
Worker process is ready to serve import requests
Launched and connected shader compiler UnityShaderCompiler.exe after 0.08 seconds
Refreshing native plugins compatible for Editor in 0.77 ms, found 3 plugins.
Preloading 0 native plugins for Editor in 0.00 ms.
Unloading 3068 Unused Serialized files (Serialized files now loaded: 0)
Unloading 22 unused Assets / (46.6 KB). Loaded Objects now: 3535.
Memory consumption went from 118.9 MB to 118.9 MB.
Total: 3.033100 ms (FindLiveObjects: 0.262700 ms CreateObjectMapping: 0.076500 ms MarkObjects: 2.598900 ms  DeleteObjects: 0.093600 ms)

AssetImportParameters requested are different than current active one (requested -> active):
  custom:video-decoder-ogg-theora: a1e56fd34408186e4bbccfd4996cb3dc -> 
  custom:container-muxer-webm: aa71ff27fc2769a1b78a27578f13a17b -> 
  custom:container-demuxer-webm: 4f35f7cbe854078d1ac9338744f61a02 -> 
  custom:video-encoder-webm-vp8: eb34c28f22e8b96e1ab97ce403110664 -> 
  custom:video-codec-MediaFoundation-h265: 746d11721c4dcdbdad8f713fa42b33f4 -> 
  custom:CustomObjectIndexerAttribute: bc11b3a6c3213fcdd17b65e7da85e133 -> 
  custom:audio-encoder-webm-vorbis: bf7c407c2cedff20999df2af8eb42d56 -> 
  custom:framework-win-MediaFoundation: 216162199b28c13a410421893ffa2e32 -> 
  custom:container-demuxer-ogg: 62fdf1f143b41e24485cea50d1cbac27 -> 
  custom:video-decoder-webm-vp8: 9c59270c3fd7afecdb556c50c9e8de78 -> 
  custom:audio-decoder-ogg-vorbis: bf7c407c2cedff20999df2af8eb42d56 -> 
========================================================================
Received Import Request.
  Time since last request: 3354.297229 seconds.
  path: Assets/材质文件夹/Brown.mat
  artifactKey: Guid(cef1a955a2515a44ab833d5e200115da) Importer(815301076,1909f56bfc062723c751e8b465ee728b)
Start importing Assets/材质文件夹/Brown.mat using Guid(cef1a955a2515a44ab833d5e200115da) Importer(815301076,1909f56bfc062723c751e8b465ee728b)  -> (artifact id: 'ee3d06bdbf958f97c023281fe850615c') in 0.138801 seconds 
========================================================================
Received Import Request.
  Time since last request: 0.000035 seconds.
  path: Assets/材质文件夹/FZSTK.TTF
  artifactKey: Guid(c00b2edf6d791f741b974e522ade569c) Importer(815301076,1909f56bfc062723c751e8b465ee728b)
Start importing Assets/材质文件夹/FZSTK.TTF using Guid(c00b2edf6d791f741b974e522ade569c) Importer(815301076,1909f56bfc062723c751e8b465ee728b)  -> (artifact id: '2e3c65318ac9b4bd129254f9eee34a41') in 0.072466 seconds 
========================================================================
Received Import Request.
  Time since last request: 14.152599 seconds.
  path: Assets/材质文件夹/Green.mat
  artifactKey: Guid(666ea5ccc547ca54dbe1b794b2eb37b4) Importer(815301076,1909f56bfc062723c751e8b465ee728b)
Start importing Assets/材质文件夹/Green.mat using Guid(666ea5ccc547ca54dbe1b794b2eb37b4) Importer(815301076,1909f56bfc062723c751e8b465ee728b)  -> (artifact id: '50e6ab75de34f10627380c312eae5e2b') in 0.016828 seconds 
========================================================================
Received Prepare
Registering precompiled user dll's ...
Registered in 0.025746 seconds.
Begin MonoManager ReloadAssembly
Symbol file LoadedFromMemory doesn't match image D:\Unity\2Dlittlegame\Library\PackageCache\com.unity.visualscripting@1.8.0\Editor\VisualScripting.Core\Dependencies\YamlDotNet\Unity.VisualScripting.YamlDotNet.dll
Symbol file LoadedFromMemory doesn't match image D:\Unity\2Dlittlegame\Library\PackageCache\com.unity.visualscripting@1.8.0\Editor\VisualScripting.Core\Dependencies\DotNetZip\Unity.VisualScripting.IonicZip.dll
Native extension for WindowsStandalone target not found
Native extension for Android target not found
Refreshing native plugins compatible for Editor in 0.67 ms, found 3 plugins.
Preloading 0 native plugins for Editor in 0.00 ms.
Mono: successfully reloaded assembly
- Completed reload, in  1.630 seconds
Domain Reload Profiling:
	ReloadAssembly (1631ms)
		BeginReloadAssembly (278ms)
			ExecutionOrderSort (0ms)
			DisableScriptedObjects (5ms)
			BackupInstance (0ms)
			ReleaseScriptingObjects (0ms)
			CreateAndSetChildDomain (42ms)
		EndReloadAssembly (1186ms)
			LoadAssemblies (230ms)
			RebuildTransferFunctionScriptingTraits (0ms)
			SetupTypeCache (296ms)
			ReleaseScriptCaches (1ms)
			RebuildScriptCaches (48ms)
			SetupLoadedEditorAssemblies (590ms)
				LogAssemblyErrors (0ms)
				InitializePlatformSupportModulesInManaged (31ms)
				SetLoadedEditorAssemblies (0ms)
				RefreshPlugins (1ms)
				BeforeProcessingInitializeOnLoad (105ms)
				ProcessInitializeOnLoadAttributes (388ms)
				ProcessInitializeOnLoadMethodAttributes (23ms)
				AfterProcessingInitializeOnLoad (42ms)
				EditorAssembliesLoaded (0ms)
			ExecutionOrderSort2 (0ms)
			AwakeInstancesAfterBackupRestoration (32ms)
Platform modules already initialized, skipping
Refreshing native plugins compatible for Editor in 5.56 ms, found 3 plugins.
Preloading 0 native plugins for Editor in 0.00 ms.
Unloading 3047 Unused Serialized files (Serialized files now loaded: 0)
Unloading 15 unused Assets / (21.9 KB). Loaded Objects now: 3582.
Memory consumption went from 117.4 MB to 117.4 MB.
Total: 3.138700 ms (FindLiveObjects: 0.340500 ms CreateObjectMapping: 0.090500 ms MarkObjects: 2.671700 ms  DeleteObjects: 0.034300 ms)

AssetImportParameters requested are different than current active one (requested -> active):
  custom:video-decoder-ogg-theora: a1e56fd34408186e4bbccfd4996cb3dc -> 
  custom:container-muxer-webm: aa71ff27fc2769a1b78a27578f13a17b -> 
  custom:container-demuxer-webm: 4f35f7cbe854078d1ac9338744f61a02 -> 
  custom:video-encoder-webm-vp8: eb34c28f22e8b96e1ab97ce403110664 -> 
  custom:video-codec-MediaFoundation-h265: 746d11721c4dcdbdad8f713fa42b33f4 -> 
  custom:CustomObjectIndexerAttribute: bc11b3a6c3213fcdd17b65e7da85e133 -> 
  custom:audio-encoder-webm-vorbis: bf7c407c2cedff20999df2af8eb42d56 -> 
  custom:framework-win-MediaFoundation: 216162199b28c13a410421893ffa2e32 -> 
  custom:container-demuxer-ogg: 62fdf1f143b41e24485cea50d1cbac27 -> 
  custom:video-decoder-webm-vp8: 9c59270c3fd7afecdb556c50c9e8de78 -> 
  custom:audio-decoder-ogg-vorbis: bf7c407c2cedff20999df2af8eb42d56 -> 
========================================================================
Received Import Request.
  Time since last request: 115.864863 seconds.
  path: Assets/贴图/西仓主界面贴图
  artifactKey: Guid(8db3a47046033714fbbe5a8da16b8887) Importer(815301076,1909f56bfc062723c751e8b465ee728b)
Start importing Assets/贴图/西仓主界面贴图 using Guid(8db3a47046033714fbbe5a8da16b8887) Importer(815301076,1909f56bfc062723c751e8b465ee728b)  -> (artifact id: '767e571669eaab1abbefaeab81ac22b4') in 0.009886 seconds 
========================================================================
Received Import Request.
  Time since last request: 0.845769 seconds.
  path: Assets/贴图/西仓主界面贴图/人物
  artifactKey: Guid(aacead4715c021f44956b522dbae34b7) Importer(815301076,1909f56bfc062723c751e8b465ee728b)
Start importing Assets/贴图/西仓主界面贴图/人物 using Guid(aacead4715c021f44956b522dbae34b7) Importer(815301076,1909f56bfc062723c751e8b465ee728b)  -> (artifact id: 'ccd2f773fbc71371b254d3251623a93f') in 0.003531 seconds 
========================================================================
Received Import Request.
  Time since last request: 0.056140 seconds.
  path: Assets/贴图/西仓主界面贴图/人物/ren1.mat
  artifactKey: Guid(219ea9b533687a548909fb9ae7b17d70) Importer(815301076,1909f56bfc062723c751e8b465ee728b)
Start importing Assets/贴图/西仓主界面贴图/人物/ren1.mat using Guid(219ea9b533687a548909fb9ae7b17d70) Importer(815301076,1909f56bfc062723c751e8b465ee728b)  -> (artifact id: '702da3d5cee0edca50440e46de2b720f') in 0.072782 seconds 
========================================================================
Received Import Request.
  Time since last request: 0.000028 seconds.
  path: Assets/贴图/西仓主界面贴图/人物/ren3.mat
  artifactKey: Guid(f8a1a3e233bd31a4d9618ecb1f8a1161) Importer(815301076,1909f56bfc062723c751e8b465ee728b)
Start importing Assets/贴图/西仓主界面贴图/人物/ren3.mat using Guid(f8a1a3e233bd31a4d9618ecb1f8a1161) Importer(815301076,1909f56bfc062723c751e8b465ee728b)  -> (artifact id: '8a46d7a4bd149287e821832d9d2d86db') in 0.017410 seconds 
========================================================================
Received Import Request.
  Time since last request: 0.000041 seconds.
  path: Assets/贴图/西仓主界面贴图/人物/ren7,8.mat
  artifactKey: Guid(41b54a5befed2694d9532d00eefe8251) Importer(815301076,1909f56bfc062723c751e8b465ee728b)
Start importing Assets/贴图/西仓主界面贴图/人物/ren7,8.mat using Guid(41b54a5befed2694d9532d00eefe8251) Importer(815301076,1909f56bfc062723c751e8b465ee728b)  -> (artifact id: '201b1520e041adce4e1b5f6d4a32fa90') in 0.022758 seconds 
========================================================================
Received Import Request.
  Time since last request: 0.000021 seconds.
  path: Assets/贴图/西仓主界面贴图/人物/ren10.mat
  artifactKey: Guid(40f73072898c1334ebd2145f15db39cc) Importer(815301076,1909f56bfc062723c751e8b465ee728b)
Start importing Assets/贴图/西仓主界面贴图/人物/ren10.mat using Guid(40f73072898c1334ebd2145f15db39cc) Importer(815301076,1909f56bfc062723c751e8b465ee728b)  -> (artifact id: '1e40fc2c5f66cbb07be457e6a8fa2068') in 0.017554 seconds 
========================================================================
Received Import Request.
  Time since last request: 0.000022 seconds.
  path: Assets/贴图/西仓主界面贴图/人物/ren12.mat
  artifactKey: Guid(5903930cce39a9a40b67b29187996b79) Importer(815301076,1909f56bfc062723c751e8b465ee728b)
Start importing Assets/贴图/西仓主界面贴图/人物/ren12.mat using Guid(5903930cce39a9a40b67b29187996b79) Importer(815301076,1909f56bfc062723c751e8b465ee728b)  -> (artifact id: 'f80c3f845633b0c350c54ffd3e88ac9b') in 0.016040 seconds 
========================================================================
Received Import Request.
  Time since last request: 0.000024 seconds.
  path: Assets/贴图/西仓主界面贴图/人物/ren14,15.mat
  artifactKey: Guid(2ba7f2d8eb67d4548bf478731ca6f42a) Importer(815301076,1909f56bfc062723c751e8b465ee728b)
Start importing Assets/贴图/西仓主界面贴图/人物/ren14,15.mat using Guid(2ba7f2d8eb67d4548bf478731ca6f42a) Importer(815301076,1909f56bfc062723c751e8b465ee728b)  -> (artifact id: 'c1d68626735b036c94a534c91c0b396e') in 0.017995 seconds 
========================================================================
Received Import Request.
  Time since last request: 0.000022 seconds.
  path: Assets/贴图/西仓主界面贴图/人物/人2，本地caijian.png
  artifactKey: Guid(bff77f88b1a42ad4aa8a40969ee10542) Importer(815301076,1909f56bfc062723c751e8b465ee728b)
Start importing Assets/贴图/西仓主界面贴图/人物/人2，本地caijian.png using Guid(bff77f88b1a42ad4aa8a40969ee10542) Importer(815301076,1909f56bfc062723c751e8b465ee728b)  -> (artifact id: 'abda4f4b16609c6c836d2aed112a0463') in 0.029079 seconds 
========================================================================
Received Import Request.
  Time since last request: 0.017006 seconds.
  path: Assets/贴图/西仓主界面贴图/人物/人3外地caijian.png
  artifactKey: Guid(86005fe23cd3abb4086621e3a1cdc38a) Importer(815301076,1909f56bfc062723c751e8b465ee728b)
Start importing Assets/贴图/西仓主界面贴图/人物/人3外地caijian.png using Guid(86005fe23cd3abb4086621e3a1cdc38a) Importer(815301076,1909f56bfc062723c751e8b465ee728b)  -> (artifact id: 'bdf384c2f55cd36acd0ab2577622b0ab') in 0.022484 seconds 
========================================================================
Received Import Request.
  Time since last request: 0.000023 seconds.
  path: Assets/贴图/西仓主界面贴图/人物/人5，外地caijian.png
  artifactKey: Guid(8028eeb64562b1b4db6e949724cf6d41) Importer(815301076,1909f56bfc062723c751e8b465ee728b)
Start importing Assets/贴图/西仓主界面贴图/人物/人5，外地caijian.png using Guid(8028eeb64562b1b4db6e949724cf6d41) Importer(815301076,1909f56bfc062723c751e8b465ee728b)  -> (artifact id: '3e888608b757b0b1c9d7e14996a7e853') in 0.017663 seconds 
========================================================================
Received Import Request.
  Time since last request: 0.000023 seconds.
  path: Assets/贴图/西仓主界面贴图/人物/ren13.mat
  artifactKey: Guid(f18db571265721c41abafeda49935de6) Importer(815301076,1909f56bfc062723c751e8b465ee728b)
Start importing Assets/贴图/西仓主界面贴图/人物/ren13.mat using Guid(f18db571265721c41abafeda49935de6) Importer(815301076,1909f56bfc062723c751e8b465ee728b)  -> (artifact id: 'c0257935ec4384cfb3b6aa87f0f483c2') in 0.019794 seconds 
========================================================================
Received Import Request.
  Time since last request: 0.000026 seconds.
  path: Assets/贴图/西仓主界面贴图/人物/人9，外地caijian.png
  artifactKey: Guid(85b204f2045fb8142bb9533e26ac74b0) Importer(815301076,1909f56bfc062723c751e8b465ee728b)
Start importing Assets/贴图/西仓主界面贴图/人物/人9，外地caijian.png using Guid(85b204f2045fb8142bb9533e26ac74b0) Importer(815301076,1909f56bfc062723c751e8b465ee728b)  -> (artifact id: '5e652d0694a74ed267bdf1ad9a2b430b') in 0.018608 seconds 
========================================================================
Received Import Request.
  Time since last request: 0.000038 seconds.
  path: Assets/贴图/西仓主界面贴图/人物/人13，小贩caijian.png
  artifactKey: Guid(0283e9ee34e8ab04fb93e0d20acac915) Importer(815301076,1909f56bfc062723c751e8b465ee728b)
Start importing Assets/贴图/西仓主界面贴图/人物/人13，小贩caijian.png using Guid(0283e9ee34e8ab04fb93e0d20acac915) Importer(815301076,1909f56bfc062723c751e8b465ee728b)  -> (artifact id: 'ae55c701856359c632126d503bb2b6c6') in 0.024120 seconds 
========================================================================
Received Import Request.
  Time since last request: 0.000023 seconds.
  path: Assets/贴图/西仓主界面贴图/人物/ren5.mat
  artifactKey: Guid(09837958f615e4547acbffe213806410) Importer(815301076,1909f56bfc062723c751e8b465ee728b)
Start importing Assets/贴图/西仓主界面贴图/人物/ren5.mat using Guid(09837958f615e4547acbffe213806410) Importer(815301076,1909f56bfc062723c751e8b465ee728b)  -> (artifact id: '72d6dbf25a3d0c051e7275788b37a137') in 0.020182 seconds 
========================================================================
Received Import Request.
  Time since last request: 0.000029 seconds.
  path: Assets/贴图/西仓主界面贴图/人物/人16，本地caijian.png
  artifactKey: Guid(4236388092dc22d41ae1720b9b13fc0f) Importer(815301076,1909f56bfc062723c751e8b465ee728b)
Start importing Assets/贴图/西仓主界面贴图/人物/人16，本地caijian.png using Guid(4236388092dc22d41ae1720b9b13fc0f) Importer(815301076,1909f56bfc062723c751e8b465ee728b)  -> (artifact id: 'cd93fb52d202a436721c951767159657') in 0.025711 seconds 
========================================================================
Received Import Request.
  Time since last request: 51.463497 seconds.
  path: Assets/贴图/西仓主界面贴图/人物/Materials/人2，本地caijian.mat
  artifactKey: Guid(de5ab857f0d589146968a6ecd4614413) Importer(815301076,1909f56bfc062723c751e8b465ee728b)
Start importing Assets/贴图/西仓主界面贴图/人物/Materials/人2，本地caijian.mat using Guid(de5ab857f0d589146968a6ecd4614413) Importer(815301076,1909f56bfc062723c751e8b465ee728b)  -> (artifact id: 'c9d9c211e612d256716eba422bd7e90e') in 0.016349 seconds 
Editor requested this worker to shutdown with reason: Scaling down because of idle timeout
AssetImportWorker is now disconnected from the server
Process exiting
Exiting without the bug reporter. Application will terminate with return code 0