Using pre-set license
Built from '2021.3/china_unity/release' branch; Version is '2021.3.29f1c1 (0b77087ad835) revision 751368'; Using compiler version '192829333'; Build Type 'Release'
OS: 'Windows 10  (10.0.19045) 64bit CoreCountrySpecific' Language: 'zh' Physical Memory: 15741 MB
BatchMode: 1, IsHumanControllingUs: 0, StartBugReporterOnCrash: 0, Is64bit: 1, IsPro: 1

COMMAND LINE ARGUMENTS:
D:\Unity\Unity2021.3\2021.3.29f1c1\Editor\Unity.exe
-adb2
-batchMode
-noUpm
-name
AssetImportWorker5
-projectPath
D:/Unity/2Dlittlegame
-logFile
Logs/AssetImportWorker5.log
-srvPort
53842
Successfully changed project path to: D:/Unity/2Dlittlegame
D:/Unity/2Dlittlegame
[UnityMemory] Configuration Parameters - Can be set up in boot.config
    "memorysetup-bucket-allocator-granularity=16"
    "memorysetup-bucket-allocator-bucket-count=8"
    "memorysetup-bucket-allocator-block-size=33554432"
    "memorysetup-bucket-allocator-block-count=8"
    "memorysetup-main-allocator-block-size=16777216"
    "memorysetup-thread-allocator-block-size=16777216"
    "memorysetup-gfx-main-allocator-block-size=16777216"
    "memorysetup-gfx-thread-allocator-block-size=16777216"
    "memorysetup-cache-allocator-block-size=4194304"
    "memorysetup-typetree-allocator-block-size=2097152"
    "memorysetup-profiler-bucket-allocator-granularity=16"
    "memorysetup-profiler-bucket-allocator-bucket-count=8"
    "memorysetup-profiler-bucket-allocator-block-size=33554432"
    "memorysetup-profiler-bucket-allocator-block-count=8"
    "memorysetup-profiler-allocator-block-size=16777216"
    "memorysetup-profiler-editor-allocator-block-size=1048576"
    "memorysetup-temp-allocator-size-main=16777216"
    "memorysetup-job-temp-allocator-block-size=2097152"
    "memorysetup-job-temp-allocator-block-size-background=1048576"
    "memorysetup-job-temp-allocator-reduction-small-platforms=262144"
    "memorysetup-temp-allocator-size-background-worker=32768"
    "memorysetup-temp-allocator-size-job-worker=262144"
    "memorysetup-temp-allocator-size-preload-manager=33554432"
    "memorysetup-temp-allocator-size-nav-mesh-worker=65536"
    "memorysetup-temp-allocator-size-audio-worker=65536"
    "memorysetup-temp-allocator-size-cloud-worker=32768"
    "memorysetup-temp-allocator-size-gi-baking-worker=262144"
    "memorysetup-temp-allocator-size-gfx=262144"
Player connection [18944] Host "[IP] 192.168.56.1 [Port] 0 [Flags] 2 [Guid] 585514535 [EditorId] 585514535 [Version] 1048832 [Id] WindowsEditor(7,LAPTOP-1TJ8CECA) [Debug] 1 [PackageName] WindowsEditor [ProjectName] Editor" joined multi-casting on [225.0.0.222:54997]...

Player connection [18944] Host "[IP] 192.168.56.1 [Port] 0 [Flags] 2 [Guid] 585514535 [EditorId] 585514535 [Version] 1048832 [Id] WindowsEditor(7,LAPTOP-1TJ8CECA) [Debug] 1 [PackageName] WindowsEditor [ProjectName] Editor" joined alternative multi-casting on [225.0.0.222:34997]...

AS: AutoStreaming module initializing.
Refreshing native plugins compatible for Editor in 83.18 ms, found 3 plugins.
Preloading 0 native plugins for Editor in 0.00 ms.
Initialize engine version: 2021.3.29f1c1 (0b77087ad835)
[Subsystems] Discovering subsystems at path D:/Unity/Unity2021.3/2021.3.29f1c1/Editor/Data/Resources/UnitySubsystems
[Subsystems] Discovering subsystems at path D:/Unity/2Dlittlegame/Assets
GfxDevice: creating device client; threaded=0; jobified=0
Direct3D:
    Version:  Direct3D 11.0 [level 11.1]
    Renderer: NVIDIA GeForce GTX 1650 (ID=0x1f99)
    Vendor:   NVIDIA
    VRAM:     3949 MB
    Driver:   31.0.15.3713
Initialize mono
Mono path[0] = 'D:/Unity/Unity2021.3/2021.3.29f1c1/Editor/Data/Managed'
Mono path[1] = 'D:/Unity/Unity2021.3/2021.3.29f1c1/Editor/Data/MonoBleedingEdge/lib/mono/unityjit-win32'
Mono config path = 'D:/Unity/Unity2021.3/2021.3.29f1c1/Editor/Data/MonoBleedingEdge/etc'
Using monoOptions --debugger-agent=transport=dt_socket,embedding=1,server=y,suspend=n,address=127.0.0.1:56696
Begin MonoManager ReloadAssembly
Registering precompiled unity dll's ...
Register platform support module: D:/Unity/Unity2021.3/2021.3.29f1c1/Editor/Data/PlaybackEngines/AndroidPlayer/UnityEditor.Android.Extensions.dll
Register platform support module: D:/Unity/Unity2021.3/2021.3.29f1c1/Editor/Data/PlaybackEngines/WindowsStandaloneSupport/UnityEditor.WindowsStandalone.Extensions.dll
Registered in 0.009453 seconds.
Native extension for WindowsStandalone target not found
Native extension for Android target not found
Android Extension - Scanning For ADB Devices 527 ms
Refreshing native plugins compatible for Editor in 64.40 ms, found 3 plugins.
Preloading 0 native plugins for Editor in 0.00 ms.
Mono: successfully reloaded assembly
- Completed reload, in  1.393 seconds
Domain Reload Profiling:
	ReloadAssembly (1393ms)
		BeginReloadAssembly (179ms)
			ExecutionOrderSort (0ms)
			DisableScriptedObjects (0ms)
			BackupInstance (0ms)
			ReleaseScriptingObjects (0ms)
			CreateAndSetChildDomain (1ms)
		EndReloadAssembly (1062ms)
			LoadAssemblies (167ms)
			RebuildTransferFunctionScriptingTraits (0ms)
			SetupTypeCache (126ms)
			ReleaseScriptCaches (0ms)
			RebuildScriptCaches (29ms)
			SetupLoadedEditorAssemblies (824ms)
				LogAssemblyErrors (0ms)
				InitializePlatformSupportModulesInManaged (621ms)
				SetLoadedEditorAssemblies (0ms)
				RefreshPlugins (65ms)
				BeforeProcessingInitializeOnLoad (1ms)
				ProcessInitializeOnLoadAttributes (79ms)
				ProcessInitializeOnLoadMethodAttributes (59ms)
				AfterProcessingInitializeOnLoad (0ms)
				EditorAssembliesLoaded (0ms)
			ExecutionOrderSort2 (0ms)
			AwakeInstancesAfterBackupRestoration (0ms)
Platform modules already initialized, skipping
Registering precompiled user dll's ...
Registered in 0.023980 seconds.
Begin MonoManager ReloadAssembly
Symbol file LoadedFromMemory doesn't match image D:\Unity\2Dlittlegame\Library\PackageCache\com.unity.visualscripting@1.8.0\Editor\VisualScripting.Core\Dependencies\YamlDotNet\Unity.VisualScripting.YamlDotNet.dll
Symbol file LoadedFromMemory doesn't match image D:\Unity\2Dlittlegame\Library\PackageCache\com.unity.visualscripting@1.8.0\Editor\VisualScripting.Core\Dependencies\DotNetZip\Unity.VisualScripting.IonicZip.dll
Native extension for WindowsStandalone target not found
Native extension for Android target not found
Refreshing native plugins compatible for Editor in 0.81 ms, found 3 plugins.
Preloading 0 native plugins for Editor in 0.00 ms.
Mono: successfully reloaded assembly
- Completed reload, in  1.479 seconds
Domain Reload Profiling:
	ReloadAssembly (1479ms)
		BeginReloadAssembly (208ms)
			ExecutionOrderSort (0ms)
			DisableScriptedObjects (5ms)
			BackupInstance (0ms)
			ReleaseScriptingObjects (0ms)
			CreateAndSetChildDomain (19ms)
		EndReloadAssembly (1114ms)
			LoadAssemblies (194ms)
			RebuildTransferFunctionScriptingTraits (0ms)
			SetupTypeCache (288ms)
			ReleaseScriptCaches (1ms)
			RebuildScriptCaches (48ms)
			SetupLoadedEditorAssemblies (570ms)
				LogAssemblyErrors (0ms)
				InitializePlatformSupportModulesInManaged (22ms)
				SetLoadedEditorAssemblies (0ms)
				RefreshPlugins (1ms)
				BeforeProcessingInitializeOnLoad (103ms)
				ProcessInitializeOnLoadAttributes (391ms)
				ProcessInitializeOnLoadMethodAttributes (19ms)
				AfterProcessingInitializeOnLoad (34ms)
				EditorAssembliesLoaded (0ms)
			ExecutionOrderSort2 (0ms)
			AwakeInstancesAfterBackupRestoration (27ms)
Platform modules already initialized, skipping
========================================================================
Worker process is ready to serve import requests
Launched and connected shader compiler UnityShaderCompiler.exe after 0.07 seconds
Refreshing native plugins compatible for Editor in 0.50 ms, found 3 plugins.
Preloading 0 native plugins for Editor in 0.00 ms.
Unloading 3068 Unused Serialized files (Serialized files now loaded: 0)
Unloading 22 unused Assets / (46.6 KB). Loaded Objects now: 3535.
Memory consumption went from 118.9 MB to 118.9 MB.
Total: 4.032500 ms (FindLiveObjects: 0.344600 ms CreateObjectMapping: 0.146100 ms MarkObjects: 3.401100 ms  DeleteObjects: 0.139100 ms)

AssetImportParameters requested are different than current active one (requested -> active):
  custom:video-decoder-ogg-theora: a1e56fd34408186e4bbccfd4996cb3dc -> 
  custom:container-muxer-webm: aa71ff27fc2769a1b78a27578f13a17b -> 
  custom:container-demuxer-webm: 4f35f7cbe854078d1ac9338744f61a02 -> 
  custom:video-encoder-webm-vp8: eb34c28f22e8b96e1ab97ce403110664 -> 
  custom:video-codec-MediaFoundation-h265: 746d11721c4dcdbdad8f713fa42b33f4 -> 
  custom:CustomObjectIndexerAttribute: bc11b3a6c3213fcdd17b65e7da85e133 -> 
  custom:audio-encoder-webm-vorbis: bf7c407c2cedff20999df2af8eb42d56 -> 
  custom:framework-win-MediaFoundation: 216162199b28c13a410421893ffa2e32 -> 
  custom:container-demuxer-ogg: 62fdf1f143b41e24485cea50d1cbac27 -> 
  custom:video-decoder-webm-vp8: 9c59270c3fd7afecdb556c50c9e8de78 -> 
  custom:audio-decoder-ogg-vorbis: bf7c407c2cedff20999df2af8eb42d56 -> 
========================================================================
Received Import Request.
  Time since last request: 3537.378977 seconds.
  path: Assets/贴图/西仓主界面贴图/人物/Materials/人4，小贩caijian.mat
  artifactKey: Guid(d3f05f152e903da499d5c7a9c011dfc1) Importer(815301076,1909f56bfc062723c751e8b465ee728b)
Start importing Assets/贴图/西仓主界面贴图/人物/Materials/人4，小贩caijian.mat using Guid(d3f05f152e903da499d5c7a9c011dfc1) Importer(815301076,1909f56bfc062723c751e8b465ee728b)  -> (artifact id: '265b3777d5b08d861c6ebac17e47d441') in 0.120169 seconds 
========================================================================
Received Import Request.
  Time since last request: 495.396924 seconds.
  path: Assets/贴图/西仓主界面贴图/人物/ren7,8 1.mat
  artifactKey: Guid(1c4575a451d794f4093021c2032a8b54) Importer(815301076,1909f56bfc062723c751e8b465ee728b)
Start importing Assets/贴图/西仓主界面贴图/人物/ren7,8 1.mat using Guid(1c4575a451d794f4093021c2032a8b54) Importer(815301076,1909f56bfc062723c751e8b465ee728b)  -> (artifact id: '71961757552e3820d76fc0b94d0dc45d') in 0.026707 seconds 
========================================================================
Received Import Request.
  Time since last request: 0.000035 seconds.
  path: Assets/贴图/西仓主界面贴图/人物/ren11 1.mat
  artifactKey: Guid(520e6ca73d78ab5449a484b3e9a38a00) Importer(815301076,1909f56bfc062723c751e8b465ee728b)
Start importing Assets/贴图/西仓主界面贴图/人物/ren11 1.mat using Guid(520e6ca73d78ab5449a484b3e9a38a00) Importer(815301076,1909f56bfc062723c751e8b465ee728b)  -> (artifact id: '04809f9e568a245af07a86cca5ae6fc2') in 0.021340 seconds 
========================================================================
Received Import Request.
  Time since last request: 0.006236 seconds.
  path: Assets/贴图/西仓主界面贴图/人物/ren14,15 1.mat
  artifactKey: Guid(7a9c905249316354d82f12f1be072a06) Importer(815301076,1909f56bfc062723c751e8b465ee728b)
Start importing Assets/贴图/西仓主界面贴图/人物/ren14,15 1.mat using Guid(7a9c905249316354d82f12f1be072a06) Importer(815301076,1909f56bfc062723c751e8b465ee728b)  -> (artifact id: 'f82bcee589d93e8e17a21d0c7a308340') in 0.036145 seconds 
========================================================================
Received Import Request.
  Time since last request: 0.000048 seconds.
  path: Assets/贴图/西仓主界面贴图/人物/ren10 1.mat
  artifactKey: Guid(5f5bae77a1cfede40949c68c7b15e0ea) Importer(815301076,1909f56bfc062723c751e8b465ee728b)
Start importing Assets/贴图/西仓主界面贴图/人物/ren10 1.mat using Guid(5f5bae77a1cfede40949c68c7b15e0ea) Importer(815301076,1909f56bfc062723c751e8b465ee728b)  -> (artifact id: 'b33b46c3a83dc512b62734a37022a34c') in 0.024967 seconds 
========================================================================
Received Import Request.
  Time since last request: 0.000041 seconds.
  path: Assets/贴图/西仓主界面贴图/人物/ren12 1.mat
  artifactKey: Guid(66f1c3ab1dc3dcb49b215aa3a73adaaf) Importer(815301076,1909f56bfc062723c751e8b465ee728b)
Start importing Assets/贴图/西仓主界面贴图/人物/ren12 1.mat using Guid(66f1c3ab1dc3dcb49b215aa3a73adaaf) Importer(815301076,1909f56bfc062723c751e8b465ee728b)  -> (artifact id: 'b5c93f2dbfc46bf3b9a55a03b15868ff') in 0.019091 seconds 
Editor requested this worker to shutdown with reason: Scaling down because of idle timeout
AssetImportWorker is now disconnected from the server
Process exiting
Exiting without the bug reporter. Application will terminate with return code 0