Using pre-set license
Built from '2021.3/china_unity/release' branch; Version is '2021.3.29f1c1 (0b77087ad835) revision 751368'; Using compiler version '192829333'; Build Type 'Release'
OS: 'Windows 10  (10.0.19045) 64bit CoreCountrySpecific' Language: 'zh' Physical Memory: 15741 MB
BatchMode: 1, IsHumanControllingUs: 0, StartBugReporterOnCrash: 0, Is64bit: 1, IsPro: 1

COMMAND LINE ARGUMENTS:
D:\Unity\Unity2021.3\2021.3.29f1c1\Editor\Unity.exe
-adb2
-batchMode
-noUpm
-name
AssetImportWorker6
-projectPath
D:/Unity/2Dlittlegame
-logFile
Logs/AssetImportWorker6.log
-srvPort
53842
Successfully changed project path to: D:/Unity/2Dlittlegame
D:/Unity/2Dlittlegame
[UnityMemory] Configuration Parameters - Can be set up in boot.config
    "memorysetup-bucket-allocator-granularity=16"
    "memorysetup-bucket-allocator-bucket-count=8"
    "memorysetup-bucket-allocator-block-size=33554432"
    "memorysetup-bucket-allocator-block-count=8"
    "memorysetup-main-allocator-block-size=16777216"
    "memorysetup-thread-allocator-block-size=16777216"
    "memorysetup-gfx-main-allocator-block-size=16777216"
    "memorysetup-gfx-thread-allocator-block-size=16777216"
    "memorysetup-cache-allocator-block-size=4194304"
    "memorysetup-typetree-allocator-block-size=2097152"
    "memorysetup-profiler-bucket-allocator-granularity=16"
    "memorysetup-profiler-bucket-allocator-bucket-count=8"
    "memorysetup-profiler-bucket-allocator-block-size=33554432"
    "memorysetup-profiler-bucket-allocator-block-count=8"
    "memorysetup-profiler-allocator-block-size=16777216"
    "memorysetup-profiler-editor-allocator-block-size=1048576"
    "memorysetup-temp-allocator-size-main=16777216"
    "memorysetup-job-temp-allocator-block-size=2097152"
    "memorysetup-job-temp-allocator-block-size-background=1048576"
    "memorysetup-job-temp-allocator-reduction-small-platforms=262144"
    "memorysetup-temp-allocator-size-background-worker=32768"
    "memorysetup-temp-allocator-size-job-worker=262144"
    "memorysetup-temp-allocator-size-preload-manager=33554432"
    "memorysetup-temp-allocator-size-nav-mesh-worker=65536"
    "memorysetup-temp-allocator-size-audio-worker=65536"
    "memorysetup-temp-allocator-size-cloud-worker=32768"
    "memorysetup-temp-allocator-size-gi-baking-worker=262144"
    "memorysetup-temp-allocator-size-gfx=262144"
Player connection [20084] Host "[IP] 192.168.56.1 [Port] 0 [Flags] 2 [Guid] 1937601480 [EditorId] 1937601480 [Version] 1048832 [Id] WindowsEditor(7,LAPTOP-1TJ8CECA) [Debug] 1 [PackageName] WindowsEditor [ProjectName] Editor" joined multi-casting on [225.0.0.222:54997]...

Player connection [20084] Host "[IP] 192.168.56.1 [Port] 0 [Flags] 2 [Guid] 1937601480 [EditorId] 1937601480 [Version] 1048832 [Id] WindowsEditor(7,LAPTOP-1TJ8CECA) [Debug] 1 [PackageName] WindowsEditor [ProjectName] Editor" joined alternative multi-casting on [225.0.0.222:34997]...

AS: AutoStreaming module initializing.
Refreshing native plugins compatible for Editor in 75.24 ms, found 3 plugins.
Preloading 0 native plugins for Editor in 0.00 ms.
Initialize engine version: 2021.3.29f1c1 (0b77087ad835)
[Subsystems] Discovering subsystems at path D:/Unity/Unity2021.3/2021.3.29f1c1/Editor/Data/Resources/UnitySubsystems
[Subsystems] Discovering subsystems at path D:/Unity/2Dlittlegame/Assets
GfxDevice: creating device client; threaded=0; jobified=0
Direct3D:
    Version:  Direct3D 11.0 [level 11.1]
    Renderer: NVIDIA GeForce GTX 1650 (ID=0x1f99)
    Vendor:   NVIDIA
    VRAM:     3949 MB
    Driver:   31.0.15.3713
Initialize mono
Mono path[0] = 'D:/Unity/Unity2021.3/2021.3.29f1c1/Editor/Data/Managed'
Mono path[1] = 'D:/Unity/Unity2021.3/2021.3.29f1c1/Editor/Data/MonoBleedingEdge/lib/mono/unityjit-win32'
Mono config path = 'D:/Unity/Unity2021.3/2021.3.29f1c1/Editor/Data/MonoBleedingEdge/etc'
Using monoOptions --debugger-agent=transport=dt_socket,embedding=1,server=y,suspend=n,address=127.0.0.1:56020
Begin MonoManager ReloadAssembly
Registering precompiled unity dll's ...
Register platform support module: D:/Unity/Unity2021.3/2021.3.29f1c1/Editor/Data/PlaybackEngines/AndroidPlayer/UnityEditor.Android.Extensions.dll
Register platform support module: D:/Unity/Unity2021.3/2021.3.29f1c1/Editor/Data/PlaybackEngines/WindowsStandaloneSupport/UnityEditor.WindowsStandalone.Extensions.dll
Registered in 0.009874 seconds.
Native extension for WindowsStandalone target not found
Native extension for Android target not found
Android Extension - Scanning For ADB Devices 561 ms
Refreshing native plugins compatible for Editor in 70.80 ms, found 3 plugins.
Preloading 0 native plugins for Editor in 0.00 ms.
Mono: successfully reloaded assembly
- Completed reload, in  1.455 seconds
Domain Reload Profiling:
	ReloadAssembly (1455ms)
		BeginReloadAssembly (178ms)
			ExecutionOrderSort (0ms)
			DisableScriptedObjects (0ms)
			BackupInstance (0ms)
			ReleaseScriptingObjects (0ms)
			CreateAndSetChildDomain (1ms)
		EndReloadAssembly (1112ms)
			LoadAssemblies (166ms)
			RebuildTransferFunctionScriptingTraits (0ms)
			SetupTypeCache (115ms)
			ReleaseScriptCaches (0ms)
			RebuildScriptCaches (28ms)
			SetupLoadedEditorAssemblies (886ms)
				LogAssemblyErrors (0ms)
				InitializePlatformSupportModulesInManaged (656ms)
				SetLoadedEditorAssemblies (0ms)
				RefreshPlugins (71ms)
				BeforeProcessingInitializeOnLoad (1ms)
				ProcessInitializeOnLoadAttributes (90ms)
				ProcessInitializeOnLoadMethodAttributes (68ms)
				AfterProcessingInitializeOnLoad (0ms)
				EditorAssembliesLoaded (0ms)
			ExecutionOrderSort2 (0ms)
			AwakeInstancesAfterBackupRestoration (0ms)
Platform modules already initialized, skipping
Registering precompiled user dll's ...
Registered in 0.025957 seconds.
Begin MonoManager ReloadAssembly
Symbol file LoadedFromMemory doesn't match image D:\Unity\2Dlittlegame\Library\PackageCache\com.unity.visualscripting@1.8.0\Editor\VisualScripting.Core\Dependencies\YamlDotNet\Unity.VisualScripting.YamlDotNet.dll
Symbol file LoadedFromMemory doesn't match image D:\Unity\2Dlittlegame\Library\PackageCache\com.unity.visualscripting@1.8.0\Editor\VisualScripting.Core\Dependencies\DotNetZip\Unity.VisualScripting.IonicZip.dll
Native extension for WindowsStandalone target not found
Native extension for Android target not found
Refreshing native plugins compatible for Editor in 0.53 ms, found 3 plugins.
Preloading 0 native plugins for Editor in 0.00 ms.
Mono: successfully reloaded assembly
- Completed reload, in  1.466 seconds
Domain Reload Profiling:
	ReloadAssembly (1467ms)
		BeginReloadAssembly (215ms)
			ExecutionOrderSort (0ms)
			DisableScriptedObjects (6ms)
			BackupInstance (0ms)
			ReleaseScriptingObjects (0ms)
			CreateAndSetChildDomain (21ms)
		EndReloadAssembly (1083ms)
			LoadAssemblies (194ms)
			RebuildTransferFunctionScriptingTraits (0ms)
			SetupTypeCache (290ms)
			ReleaseScriptCaches (1ms)
			RebuildScriptCaches (48ms)
			SetupLoadedEditorAssemblies (542ms)
				LogAssemblyErrors (0ms)
				InitializePlatformSupportModulesInManaged (23ms)
				SetLoadedEditorAssemblies (0ms)
				RefreshPlugins (1ms)
				BeforeProcessingInitializeOnLoad (95ms)
				ProcessInitializeOnLoadAttributes (373ms)
				ProcessInitializeOnLoadMethodAttributes (18ms)
				AfterProcessingInitializeOnLoad (31ms)
				EditorAssembliesLoaded (0ms)
			ExecutionOrderSort2 (0ms)
			AwakeInstancesAfterBackupRestoration (25ms)
Platform modules already initialized, skipping
========================================================================
Worker process is ready to serve import requests
Launched and connected shader compiler UnityShaderCompiler.exe after 0.07 seconds
Refreshing native plugins compatible for Editor in 0.53 ms, found 3 plugins.
Preloading 0 native plugins for Editor in 0.00 ms.
Unloading 3068 Unused Serialized files (Serialized files now loaded: 0)
Unloading 22 unused Assets / (46.6 KB). Loaded Objects now: 3535.
Memory consumption went from 118.9 MB to 118.9 MB.
Total: 3.507900 ms (FindLiveObjects: 0.303800 ms CreateObjectMapping: 0.097300 ms MarkObjects: 3.007100 ms  DeleteObjects: 0.098400 ms)

AssetImportParameters requested are different than current active one (requested -> active):
  custom:video-decoder-ogg-theora: a1e56fd34408186e4bbccfd4996cb3dc -> 
  custom:container-muxer-webm: aa71ff27fc2769a1b78a27578f13a17b -> 
  custom:container-demuxer-webm: 4f35f7cbe854078d1ac9338744f61a02 -> 
  custom:video-encoder-webm-vp8: eb34c28f22e8b96e1ab97ce403110664 -> 
  custom:video-codec-MediaFoundation-h265: 746d11721c4dcdbdad8f713fa42b33f4 -> 
  custom:CustomObjectIndexerAttribute: bc11b3a6c3213fcdd17b65e7da85e133 -> 
  custom:audio-encoder-webm-vorbis: bf7c407c2cedff20999df2af8eb42d56 -> 
  custom:framework-win-MediaFoundation: 216162199b28c13a410421893ffa2e32 -> 
  custom:container-demuxer-ogg: 62fdf1f143b41e24485cea50d1cbac27 -> 
  custom:video-decoder-webm-vp8: 9c59270c3fd7afecdb556c50c9e8de78 -> 
  custom:audio-decoder-ogg-vorbis: bf7c407c2cedff20999df2af8eb42d56 -> 
========================================================================
Received Import Request.
  Time since last request: 4045.606878 seconds.
  path: Assets/贴图/西仓主界面贴图/人物/UIshader/ren2 1.mat
  artifactKey: Guid(197006afb02377f46b33b9a74e540bca) Importer(815301076,1909f56bfc062723c751e8b465ee728b)
Start importing Assets/贴图/西仓主界面贴图/人物/UIshader/ren2 1.mat using Guid(197006afb02377f46b33b9a74e540bca) Importer(815301076,1909f56bfc062723c751e8b465ee728b)  -> (artifact id: '6f484444c8082fe806e321d3ed3ffc55') in 0.115315 seconds 
========================================================================
Received Import Request.
  Time since last request: 226.574879 seconds.
  path: Assets/贴图/西仓主界面贴图/人物/UIshader/ren4 1.mat
  artifactKey: Guid(874725d533153a74eb439d54c7e76e59) Importer(815301076,1909f56bfc062723c751e8b465ee728b)
Start importing Assets/贴图/西仓主界面贴图/人物/UIshader/ren4 1.mat using Guid(874725d533153a74eb439d54c7e76e59) Importer(815301076,1909f56bfc062723c751e8b465ee728b)  -> (artifact id: '6c77fde782cc9ddedd5f25c97d8ca5ed') in 0.017121 seconds 
========================================================================
Received Import Request.
  Time since last request: 0.005987 seconds.
  path: Assets/贴图/西仓主界面贴图/人物/UIshader/ren5 1.mat
  artifactKey: Guid(1690e113eff0b7642b7f49ee9cb477bc) Importer(815301076,1909f56bfc062723c751e8b465ee728b)
Start importing Assets/贴图/西仓主界面贴图/人物/UIshader/ren5 1.mat using Guid(1690e113eff0b7642b7f49ee9cb477bc) Importer(815301076,1909f56bfc062723c751e8b465ee728b)  -> (artifact id: '099f69870932ebc027cfb7eb70137163') in 0.020961 seconds 
========================================================================
Received Import Request.
  Time since last request: 0.006585 seconds.
  path: Assets/贴图/西仓主界面贴图/人物/UIshader/ren11 1.mat
  artifactKey: Guid(520e6ca73d78ab5449a484b3e9a38a00) Importer(815301076,1909f56bfc062723c751e8b465ee728b)
Start importing Assets/贴图/西仓主界面贴图/人物/UIshader/ren11 1.mat using Guid(520e6ca73d78ab5449a484b3e9a38a00) Importer(815301076,1909f56bfc062723c751e8b465ee728b)  -> (artifact id: 'b9ec929f37491f7340f1f1443e4bb295') in 0.020919 seconds 
========================================================================
Received Import Request.
  Time since last request: 0.000036 seconds.
  path: Assets/贴图/西仓主界面贴图/人物/UIshader/ren16 1.mat
  artifactKey: Guid(b11e6fffd8d285447afcf270945142b7) Importer(815301076,1909f56bfc062723c751e8b465ee728b)
Start importing Assets/贴图/西仓主界面贴图/人物/UIshader/ren16 1.mat using Guid(b11e6fffd8d285447afcf270945142b7) Importer(815301076,1909f56bfc062723c751e8b465ee728b)  -> (artifact id: 'f8ee8ea58b674a8671c159e6c0f7f6c5') in 0.016747 seconds 
========================================================================
Received Import Request.
  Time since last request: 0.000056 seconds.
  path: Assets/贴图/西仓主界面贴图/人物/UIshader/ren10 1.mat
  artifactKey: Guid(5f5bae77a1cfede40949c68c7b15e0ea) Importer(815301076,1909f56bfc062723c751e8b465ee728b)
Start importing Assets/贴图/西仓主界面贴图/人物/UIshader/ren10 1.mat using Guid(5f5bae77a1cfede40949c68c7b15e0ea) Importer(815301076,1909f56bfc062723c751e8b465ee728b)  -> (artifact id: '577316f294b9f41ac97232212b5b7ff2') in 0.017069 seconds 
========================================================================
Received Import Request.
  Time since last request: 0.000036 seconds.
  path: Assets/贴图/西仓主界面贴图/人物/UIshader/ren12 1.mat
  artifactKey: Guid(66f1c3ab1dc3dcb49b215aa3a73adaaf) Importer(815301076,1909f56bfc062723c751e8b465ee728b)
Start importing Assets/贴图/西仓主界面贴图/人物/UIshader/ren12 1.mat using Guid(66f1c3ab1dc3dcb49b215aa3a73adaaf) Importer(815301076,1909f56bfc062723c751e8b465ee728b)  -> (artifact id: 'effe108723ebdf94a84b03e1c8ceafec') in 0.016336 seconds 
Editor requested this worker to shutdown with reason: Scaling down because of idle timeout
AssetImportWorker is now disconnected from the server
Process exiting
Exiting without the bug reporter. Application will terminate with return code 0