Using pre-set license
Built from '2021.3/china_unity/release' branch; Version is '2021.3.29f1c1 (0b77087ad835) revision 751368'; Using compiler version '192829333'; Build Type 'Release'
OS: 'Windows 10  (10.0.19045) 64bit CoreCountrySpecific' Language: 'zh' Physical Memory: 15741 MB
BatchMode: 1, IsHumanControllingUs: 0, StartBugReporterOnCrash: 0, Is64bit: 1, IsPro: 1

COMMAND LINE ARGUMENTS:
D:\Unity\Unity2021.3\2021.3.29f1c1\Editor\Unity.exe
-adb2
-batchMode
-noUpm
-name
AssetImportWorker4
-projectPath
D:/Unity/2Dlittlegame
-logFile
Logs/AssetImportWorker4.log
-srvPort
53842
Successfully changed project path to: D:/Unity/2Dlittlegame
D:/Unity/2Dlittlegame
[UnityMemory] Configuration Parameters - Can be set up in boot.config
    "memorysetup-bucket-allocator-granularity=16"
    "memorysetup-bucket-allocator-bucket-count=8"
    "memorysetup-bucket-allocator-block-size=33554432"
    "memorysetup-bucket-allocator-block-count=8"
    "memorysetup-main-allocator-block-size=16777216"
    "memorysetup-thread-allocator-block-size=16777216"
    "memorysetup-gfx-main-allocator-block-size=16777216"
    "memorysetup-gfx-thread-allocator-block-size=16777216"
    "memorysetup-cache-allocator-block-size=4194304"
    "memorysetup-typetree-allocator-block-size=2097152"
    "memorysetup-profiler-bucket-allocator-granularity=16"
    "memorysetup-profiler-bucket-allocator-bucket-count=8"
    "memorysetup-profiler-bucket-allocator-block-size=33554432"
    "memorysetup-profiler-bucket-allocator-block-count=8"
    "memorysetup-profiler-allocator-block-size=16777216"
    "memorysetup-profiler-editor-allocator-block-size=1048576"
    "memorysetup-temp-allocator-size-main=16777216"
    "memorysetup-job-temp-allocator-block-size=2097152"
    "memorysetup-job-temp-allocator-block-size-background=1048576"
    "memorysetup-job-temp-allocator-reduction-small-platforms=262144"
    "memorysetup-temp-allocator-size-background-worker=32768"
    "memorysetup-temp-allocator-size-job-worker=262144"
    "memorysetup-temp-allocator-size-preload-manager=33554432"
    "memorysetup-temp-allocator-size-nav-mesh-worker=65536"
    "memorysetup-temp-allocator-size-audio-worker=65536"
    "memorysetup-temp-allocator-size-cloud-worker=32768"
    "memorysetup-temp-allocator-size-gi-baking-worker=262144"
    "memorysetup-temp-allocator-size-gfx=262144"
Player connection [24492] Host "[IP] 192.168.56.1 [Port] 0 [Flags] 2 [Guid] 2839616095 [EditorId] 2839616095 [Version] 1048832 [Id] WindowsEditor(7,LAPTOP-1TJ8CECA) [Debug] 1 [PackageName] WindowsEditor [ProjectName] Editor" joined multi-casting on [225.0.0.222:54997]...

Player connection [24492] Host "[IP] 192.168.56.1 [Port] 0 [Flags] 2 [Guid] 2839616095 [EditorId] 2839616095 [Version] 1048832 [Id] WindowsEditor(7,LAPTOP-1TJ8CECA) [Debug] 1 [PackageName] WindowsEditor [ProjectName] Editor" joined alternative multi-casting on [225.0.0.222:34997]...

AS: AutoStreaming module initializing.
Refreshing native plugins compatible for Editor in 73.18 ms, found 3 plugins.
Preloading 0 native plugins for Editor in 0.00 ms.
Initialize engine version: 2021.3.29f1c1 (0b77087ad835)
[Subsystems] Discovering subsystems at path D:/Unity/Unity2021.3/2021.3.29f1c1/Editor/Data/Resources/UnitySubsystems
[Subsystems] Discovering subsystems at path D:/Unity/2Dlittlegame/Assets
GfxDevice: creating device client; threaded=0; jobified=0
Direct3D:
    Version:  Direct3D 11.0 [level 11.1]
    Renderer: NVIDIA GeForce GTX 1650 (ID=0x1f99)
    Vendor:   NVIDIA
    VRAM:     3949 MB
    Driver:   31.0.15.3713
Initialize mono
Mono path[0] = 'D:/Unity/Unity2021.3/2021.3.29f1c1/Editor/Data/Managed'
Mono path[1] = 'D:/Unity/Unity2021.3/2021.3.29f1c1/Editor/Data/MonoBleedingEdge/lib/mono/unityjit-win32'
Mono config path = 'D:/Unity/Unity2021.3/2021.3.29f1c1/Editor/Data/MonoBleedingEdge/etc'
Using monoOptions --debugger-agent=transport=dt_socket,embedding=1,server=y,suspend=n,address=127.0.0.1:56688
Begin MonoManager ReloadAssembly
Registering precompiled unity dll's ...
Register platform support module: D:/Unity/Unity2021.3/2021.3.29f1c1/Editor/Data/PlaybackEngines/AndroidPlayer/UnityEditor.Android.Extensions.dll
Register platform support module: D:/Unity/Unity2021.3/2021.3.29f1c1/Editor/Data/PlaybackEngines/WindowsStandaloneSupport/UnityEditor.WindowsStandalone.Extensions.dll
Registered in 0.008870 seconds.
Native extension for WindowsStandalone target not found
Native extension for Android target not found
Android Extension - Scanning For ADB Devices 535 ms
Refreshing native plugins compatible for Editor in 65.69 ms, found 3 plugins.
Preloading 0 native plugins for Editor in 0.00 ms.
Mono: successfully reloaded assembly
- Completed reload, in  1.405 seconds
Domain Reload Profiling:
	ReloadAssembly (1405ms)
		BeginReloadAssembly (174ms)
			ExecutionOrderSort (0ms)
			DisableScriptedObjects (0ms)
			BackupInstance (0ms)
			ReleaseScriptingObjects (0ms)
			CreateAndSetChildDomain (1ms)
		EndReloadAssembly (1064ms)
			LoadAssemblies (160ms)
			RebuildTransferFunctionScriptingTraits (0ms)
			SetupTypeCache (113ms)
			ReleaseScriptCaches (0ms)
			RebuildScriptCaches (27ms)
			SetupLoadedEditorAssemblies (847ms)
				LogAssemblyErrors (0ms)
				InitializePlatformSupportModulesInManaged (634ms)
				SetLoadedEditorAssemblies (0ms)
				RefreshPlugins (66ms)
				BeforeProcessingInitializeOnLoad (1ms)
				ProcessInitializeOnLoadAttributes (85ms)
				ProcessInitializeOnLoadMethodAttributes (61ms)
				AfterProcessingInitializeOnLoad (0ms)
				EditorAssembliesLoaded (0ms)
			ExecutionOrderSort2 (0ms)
			AwakeInstancesAfterBackupRestoration (0ms)
Platform modules already initialized, skipping
Registering precompiled user dll's ...
Registered in 0.022735 seconds.
Begin MonoManager ReloadAssembly
Symbol file LoadedFromMemory doesn't match image D:\Unity\2Dlittlegame\Library\PackageCache\com.unity.visualscripting@1.8.0\Editor\VisualScripting.Core\Dependencies\YamlDotNet\Unity.VisualScripting.YamlDotNet.dll
Symbol file LoadedFromMemory doesn't match image D:\Unity\2Dlittlegame\Library\PackageCache\com.unity.visualscripting@1.8.0\Editor\VisualScripting.Core\Dependencies\DotNetZip\Unity.VisualScripting.IonicZip.dll
Native extension for WindowsStandalone target not found
Native extension for Android target not found
Refreshing native plugins compatible for Editor in 0.72 ms, found 3 plugins.
Preloading 0 native plugins for Editor in 0.00 ms.
Mono: successfully reloaded assembly
- Completed reload, in  1.500 seconds
Domain Reload Profiling:
	ReloadAssembly (1501ms)
		BeginReloadAssembly (207ms)
			ExecutionOrderSort (0ms)
			DisableScriptedObjects (6ms)
			BackupInstance (0ms)
			ReleaseScriptingObjects (0ms)
			CreateAndSetChildDomain (20ms)
		EndReloadAssembly (1124ms)
			LoadAssemblies (189ms)
			RebuildTransferFunctionScriptingTraits (0ms)
			SetupTypeCache (283ms)
			ReleaseScriptCaches (1ms)
			RebuildScriptCaches (56ms)
			SetupLoadedEditorAssemblies (574ms)
				LogAssemblyErrors (0ms)
				InitializePlatformSupportModulesInManaged (27ms)
				SetLoadedEditorAssemblies (0ms)
				RefreshPlugins (1ms)
				BeforeProcessingInitializeOnLoad (100ms)
				ProcessInitializeOnLoadAttributes (386ms)
				ProcessInitializeOnLoadMethodAttributes (25ms)
				AfterProcessingInitializeOnLoad (35ms)
				EditorAssembliesLoaded (0ms)
			ExecutionOrderSort2 (0ms)
			AwakeInstancesAfterBackupRestoration (24ms)
Platform modules already initialized, skipping
========================================================================
Worker process is ready to serve import requests
Launched and connected shader compiler UnityShaderCompiler.exe after 0.08 seconds
Refreshing native plugins compatible for Editor in 0.50 ms, found 3 plugins.
Preloading 0 native plugins for Editor in 0.00 ms.
Unloading 3068 Unused Serialized files (Serialized files now loaded: 0)
Unloading 22 unused Assets / (46.6 KB). Loaded Objects now: 3535.
Memory consumption went from 118.9 MB to 118.9 MB.
Total: 2.948900 ms (FindLiveObjects: 0.277700 ms CreateObjectMapping: 0.107500 ms MarkObjects: 2.471600 ms  DeleteObjects: 0.090900 ms)

AssetImportParameters requested are different than current active one (requested -> active):
  custom:video-decoder-ogg-theora: a1e56fd34408186e4bbccfd4996cb3dc -> 
  custom:container-muxer-webm: aa71ff27fc2769a1b78a27578f13a17b -> 
  custom:container-demuxer-webm: 4f35f7cbe854078d1ac9338744f61a02 -> 
  custom:video-encoder-webm-vp8: eb34c28f22e8b96e1ab97ce403110664 -> 
  custom:video-codec-MediaFoundation-h265: 746d11721c4dcdbdad8f713fa42b33f4 -> 
  custom:CustomObjectIndexerAttribute: bc11b3a6c3213fcdd17b65e7da85e133 -> 
  custom:audio-encoder-webm-vorbis: bf7c407c2cedff20999df2af8eb42d56 -> 
  custom:framework-win-MediaFoundation: 216162199b28c13a410421893ffa2e32 -> 
  custom:container-demuxer-ogg: 62fdf1f143b41e24485cea50d1cbac27 -> 
  custom:video-decoder-webm-vp8: 9c59270c3fd7afecdb556c50c9e8de78 -> 
  custom:audio-decoder-ogg-vorbis: bf7c407c2cedff20999df2af8eb42d56 -> 
========================================================================
Received Import Request.
  Time since last request: 3537.296711 seconds.
  path: Assets/贴图/西仓主界面贴图/人物/Materials
  artifactKey: Guid(3bd91040c126bc44a8ed23375e3a52b1) Importer(815301076,1909f56bfc062723c751e8b465ee728b)
Start importing Assets/贴图/西仓主界面贴图/人物/Materials using Guid(3bd91040c126bc44a8ed23375e3a52b1) Importer(815301076,1909f56bfc062723c751e8b465ee728b)  -> (artifact id: '6aacaf5ee9b7cc13173c1802a5a75a41') in 0.008968 seconds 
========================================================================
Received Import Request.
  Time since last request: 0.053589 seconds.
  path: Assets/贴图/西仓主界面贴图/人物/Materials/人1本地.mat
  artifactKey: Guid(b89ddcf781fe317439301da1dec1ab58) Importer(815301076,1909f56bfc062723c751e8b465ee728b)
Start importing Assets/贴图/西仓主界面贴图/人物/Materials/人1本地.mat using Guid(b89ddcf781fe317439301da1dec1ab58) Importer(815301076,1909f56bfc062723c751e8b465ee728b)  -> (artifact id: 'c2f22d479f34ecaa78e3d99198aa1763') in 0.123150 seconds 
========================================================================
Received Import Request.
  Time since last request: 16.031037 seconds.
  path: Assets/贴图/西仓主界面贴图/人物/UIshader
  artifactKey: Guid(4ef2ae9abb768454fbff6b2e0d0e033b) Importer(815301076,1909f56bfc062723c751e8b465ee728b)
Start importing Assets/贴图/西仓主界面贴图/人物/UIshader using Guid(4ef2ae9abb768454fbff6b2e0d0e033b) Importer(815301076,1909f56bfc062723c751e8b465ee728b)  -> (artifact id: 'b0c97e5383982f192573cd911cf32f20') in 0.004075 seconds 
========================================================================
Received Import Request.
  Time since last request: 9.822573 seconds.
  path: Assets/贴图/西仓主界面贴图/人物/ren1 1.mat
  artifactKey: Guid(ec258f78f0a785e448f84e79e257414e) Importer(815301076,1909f56bfc062723c751e8b465ee728b)
Start importing Assets/贴图/西仓主界面贴图/人物/ren1 1.mat using Guid(ec258f78f0a785e448f84e79e257414e) Importer(815301076,1909f56bfc062723c751e8b465ee728b)  -> (artifact id: 'c5b640223615fe39c08bd819f488e3c5') in 0.021408 seconds 
========================================================================
Received Import Request.
  Time since last request: 4.335436 seconds.
  path: Assets/贴图/西仓主界面贴图/人物/ren2 1.mat
  artifactKey: Guid(197006afb02377f46b33b9a74e540bca) Importer(815301076,1909f56bfc062723c751e8b465ee728b)
Start importing Assets/贴图/西仓主界面贴图/人物/ren2 1.mat using Guid(197006afb02377f46b33b9a74e540bca) Importer(815301076,1909f56bfc062723c751e8b465ee728b)  -> (artifact id: 'afbfff2769a524f7b6b747b747ae0b20') in 0.018422 seconds 
========================================================================
Received Import Request.
  Time since last request: 452.792232 seconds.
  path: Assets/贴图/西仓主界面贴图/人物/ren3 1.mat
  artifactKey: Guid(161eae113eccd8848a04ba28c7b0b3b6) Importer(815301076,1909f56bfc062723c751e8b465ee728b)
Start importing Assets/贴图/西仓主界面贴图/人物/ren3 1.mat using Guid(161eae113eccd8848a04ba28c7b0b3b6) Importer(815301076,1909f56bfc062723c751e8b465ee728b)  -> (artifact id: 'e22dd083fe65807e55388d4d4272f5db') in 0.019964 seconds 
========================================================================
Received Import Request.
  Time since last request: 3.338007 seconds.
  path: Assets/贴图/西仓主界面贴图/人物/ren4 1.mat
  artifactKey: Guid(874725d533153a74eb439d54c7e76e59) Importer(815301076,1909f56bfc062723c751e8b465ee728b)
Start importing Assets/贴图/西仓主界面贴图/人物/ren4 1.mat using Guid(874725d533153a74eb439d54c7e76e59) Importer(815301076,1909f56bfc062723c751e8b465ee728b)  -> (artifact id: '0f2772ef1711f6e3c78fa13b3bb12c3e') in 0.015207 seconds 
========================================================================
Received Import Request.
  Time since last request: 2.859825 seconds.
  path: Assets/贴图/西仓主界面贴图/人物/ren5 1.mat
  artifactKey: Guid(1690e113eff0b7642b7f49ee9cb477bc) Importer(815301076,1909f56bfc062723c751e8b465ee728b)
Start importing Assets/贴图/西仓主界面贴图/人物/ren5 1.mat using Guid(1690e113eff0b7642b7f49ee9cb477bc) Importer(815301076,1909f56bfc062723c751e8b465ee728b)  -> (artifact id: 'b9e4b7d8c5acc61cda9d8b0ce8b09eb0') in 0.018186 seconds 
========================================================================
Received Import Request.
  Time since last request: 6.104378 seconds.
  path: Assets/贴图/西仓主界面贴图/人物/ren6 1.mat
  artifactKey: Guid(e4e9f48ad8a353f43951b69a99242ee0) Importer(815301076,1909f56bfc062723c751e8b465ee728b)
Start importing Assets/贴图/西仓主界面贴图/人物/ren6 1.mat using Guid(e4e9f48ad8a353f43951b69a99242ee0) Importer(815301076,1909f56bfc062723c751e8b465ee728b)  -> (artifact id: '92ab25f821154b2d96f71c8c8a0716d9') in 0.021918 seconds 
========================================================================
Received Import Request.
  Time since last request: 0.006084 seconds.
  path: Assets/贴图/西仓主界面贴图/人物/ren9 1.mat
  artifactKey: Guid(a92380deb585699488089995adc5e55f) Importer(815301076,1909f56bfc062723c751e8b465ee728b)
Start importing Assets/贴图/西仓主界面贴图/人物/ren9 1.mat using Guid(a92380deb585699488089995adc5e55f) Importer(815301076,1909f56bfc062723c751e8b465ee728b)  -> (artifact id: 'd417766a608d729d1169642a0de4b594') in 0.022749 seconds 
========================================================================
Received Import Request.
  Time since last request: 0.005499 seconds.
  path: Assets/贴图/西仓主界面贴图/人物/ren16 1.mat
  artifactKey: Guid(b11e6fffd8d285447afcf270945142b7) Importer(815301076,1909f56bfc062723c751e8b465ee728b)
Start importing Assets/贴图/西仓主界面贴图/人物/ren16 1.mat using Guid(b11e6fffd8d285447afcf270945142b7) Importer(815301076,1909f56bfc062723c751e8b465ee728b)  -> (artifact id: '92ddcb3d27f57fa389226a91fae2f89a') in 0.031238 seconds 
========================================================================
Received Import Request.
  Time since last request: 0.000026 seconds.
  path: Assets/贴图/西仓主界面贴图/人物/ren13 1.mat
  artifactKey: Guid(4a8ba754d96b7fb47b118eb1d76aa9da) Importer(815301076,1909f56bfc062723c751e8b465ee728b)
Start importing Assets/贴图/西仓主界面贴图/人物/ren13 1.mat using Guid(4a8ba754d96b7fb47b118eb1d76aa9da) Importer(815301076,1909f56bfc062723c751e8b465ee728b)  -> (artifact id: 'd854ed00ee7e945dab87c4490e615792') in 0.032738 seconds 
========================================================================
Received Import Request.
  Time since last request: 12.559677 seconds.
  path: Assets/贴图/西仓主界面贴图/人物/UIshader/ren1 1.mat
  artifactKey: Guid(ec258f78f0a785e448f84e79e257414e) Importer(815301076,1909f56bfc062723c751e8b465ee728b)
Start importing Assets/贴图/西仓主界面贴图/人物/UIshader/ren1 1.mat using Guid(ec258f78f0a785e448f84e79e257414e) Importer(815301076,1909f56bfc062723c751e8b465ee728b)  -> (artifact id: '5c83eeba8d7e112080ff17d12a289849') in 0.016259 seconds 
========================================================================
Received Import Request.
  Time since last request: 226.679649 seconds.
  path: Assets/贴图/西仓主界面贴图/人物/UIshader/ren3 1.mat
  artifactKey: Guid(161eae113eccd8848a04ba28c7b0b3b6) Importer(815301076,1909f56bfc062723c751e8b465ee728b)
Start importing Assets/贴图/西仓主界面贴图/人物/UIshader/ren3 1.mat using Guid(161eae113eccd8848a04ba28c7b0b3b6) Importer(815301076,1909f56bfc062723c751e8b465ee728b)  -> (artifact id: 'faac8e31234ad6e3bdc10dc97a14e876') in 0.017849 seconds 
========================================================================
Received Import Request.
  Time since last request: 0.006689 seconds.
  path: Assets/贴图/西仓主界面贴图/人物/UIshader/ren6 1.mat
  artifactKey: Guid(e4e9f48ad8a353f43951b69a99242ee0) Importer(815301076,1909f56bfc062723c751e8b465ee728b)
Start importing Assets/贴图/西仓主界面贴图/人物/UIshader/ren6 1.mat using Guid(e4e9f48ad8a353f43951b69a99242ee0) Importer(815301076,1909f56bfc062723c751e8b465ee728b)  -> (artifact id: '9c2d7609463046cb36babeba0f36a853') in 0.019185 seconds 
========================================================================
Received Import Request.
  Time since last request: 0.007901 seconds.
  path: Assets/贴图/西仓主界面贴图/人物/UIshader/ren9 1.mat
  artifactKey: Guid(a92380deb585699488089995adc5e55f) Importer(815301076,1909f56bfc062723c751e8b465ee728b)
Start importing Assets/贴图/西仓主界面贴图/人物/UIshader/ren9 1.mat using Guid(a92380deb585699488089995adc5e55f) Importer(815301076,1909f56bfc062723c751e8b465ee728b)  -> (artifact id: '49f8245b027207bc07bbd65eccbdc1fc') in 0.018281 seconds 
========================================================================
Received Import Request.
  Time since last request: 0.000031 seconds.
  path: Assets/贴图/西仓主界面贴图/人物/UIshader/ren14,15 1.mat
  artifactKey: Guid(7a9c905249316354d82f12f1be072a06) Importer(815301076,1909f56bfc062723c751e8b465ee728b)
Start importing Assets/贴图/西仓主界面贴图/人物/UIshader/ren14,15 1.mat using Guid(7a9c905249316354d82f12f1be072a06) Importer(815301076,1909f56bfc062723c751e8b465ee728b)  -> (artifact id: '6653ae898df72f5b4a1b11eecd654bbf') in 0.016226 seconds 
========================================================================
Received Import Request.
  Time since last request: 0.000025 seconds.
  path: Assets/贴图/西仓主界面贴图/人物/UIshader/ren13 1.mat
  artifactKey: Guid(4a8ba754d96b7fb47b118eb1d76aa9da) Importer(815301076,1909f56bfc062723c751e8b465ee728b)
Start importing Assets/贴图/西仓主界面贴图/人物/UIshader/ren13 1.mat using Guid(4a8ba754d96b7fb47b118eb1d76aa9da) Importer(815301076,1909f56bfc062723c751e8b465ee728b)  -> (artifact id: '4e743c7462c68f6539d586bb8b81136f') in 0.020938 seconds 
========================================================================
Received Import Request.
  Time since last request: 0.000038 seconds.
  path: Assets/贴图/西仓主界面贴图/人物/UIshader/ren7,8 1.mat
  artifactKey: Guid(1c4575a451d794f4093021c2032a8b54) Importer(815301076,1909f56bfc062723c751e8b465ee728b)
Start importing Assets/贴图/西仓主界面贴图/人物/UIshader/ren7,8 1.mat using Guid(1c4575a451d794f4093021c2032a8b54) Importer(815301076,1909f56bfc062723c751e8b465ee728b)  -> (artifact id: 'fbb6d96ffb1f7437866044308a70e32b') in 0.018387 seconds 
Editor requested this worker to shutdown with reason: Scaling down because of idle timeout
AssetImportWorker is now disconnected from the server
Process exiting
Exiting without the bug reporter. Application will terminate with return code 0