Using pre-set license
Built from '2021.3/china_unity/release' branch; Version is '2021.3.29f1c1 (0b77087ad835) revision 751368'; Using compiler version '192829333'; Build Type 'Release'
OS: 'Windows 11  (10.0.22000) 64bit CoreCountrySpecific' Language: 'zh' Physical Memory: 32431 MB
BatchMode: 1, IsHumanControllingUs: 0, StartBugReporterOnCrash: 0, Is64bit: 1, IsPro: 1

COMMAND LINE ARGUMENTS:
D:\work\Unity Hub\2021.3.29f1c1\Editor\Unity.exe
-adb2
-batchMode
-noUpm
-name
AssetImportWorker0
-projectPath
D:/work/ai/2DlittleGame/2DLittleGame-master
-logFile
Logs/AssetImportWorker0.log
-srvPort
59436
Successfully changed project path to: D:/work/ai/2DlittleGame/2DLittleGame-master
D:/work/ai/2DlittleGame/2DLittleGame-master
[UnityMemory] Configuration Parameters - Can be set up in boot.config
    "memorysetup-bucket-allocator-granularity=16"
    "memorysetup-bucket-allocator-bucket-count=8"
    "memorysetup-bucket-allocator-block-size=33554432"
    "memorysetup-bucket-allocator-block-count=8"
    "memorysetup-main-allocator-block-size=16777216"
    "memorysetup-thread-allocator-block-size=16777216"
    "memorysetup-gfx-main-allocator-block-size=16777216"
    "memorysetup-gfx-thread-allocator-block-size=16777216"
    "memorysetup-cache-allocator-block-size=4194304"
    "memorysetup-typetree-allocator-block-size=2097152"
    "memorysetup-profiler-bucket-allocator-granularity=16"
    "memorysetup-profiler-bucket-allocator-bucket-count=8"
    "memorysetup-profiler-bucket-allocator-block-size=33554432"
    "memorysetup-profiler-bucket-allocator-block-count=8"
    "memorysetup-profiler-allocator-block-size=16777216"
    "memorysetup-profiler-editor-allocator-block-size=1048576"
    "memorysetup-temp-allocator-size-main=16777216"
    "memorysetup-job-temp-allocator-block-size=2097152"
    "memorysetup-job-temp-allocator-block-size-background=1048576"
    "memorysetup-job-temp-allocator-reduction-small-platforms=262144"
    "memorysetup-temp-allocator-size-background-worker=32768"
    "memorysetup-temp-allocator-size-job-worker=262144"
    "memorysetup-temp-allocator-size-preload-manager=33554432"
    "memorysetup-temp-allocator-size-nav-mesh-worker=65536"
    "memorysetup-temp-allocator-size-audio-worker=65536"
    "memorysetup-temp-allocator-size-cloud-worker=32768"
    "memorysetup-temp-allocator-size-gi-baking-worker=262144"
    "memorysetup-temp-allocator-size-gfx=262144"
Player connection [17788] Host "[IP] 192.168.1.5 [Port] 0 [Flags] 2 [Guid] 3122757523 [EditorId] 3122757523 [Version] 1048832 [Id] WindowsEditor(7,zhouwh) [Debug] 1 [PackageName] WindowsEditor [ProjectName] Editor" joined multi-casting on [225.0.0.222:54997]...

Player connection [17788] Host "[IP] 192.168.1.5 [Port] 0 [Flags] 2 [Guid] 3122757523 [EditorId] 3122757523 [Version] 1048832 [Id] WindowsEditor(7,zhouwh) [Debug] 1 [PackageName] WindowsEditor [ProjectName] Editor" joined alternative multi-casting on [225.0.0.222:34997]...

AS: AutoStreaming module initializing.
Refreshing native plugins compatible for Editor in 55.90 ms, found 3 plugins.
Preloading 0 native plugins for Editor in 0.00 ms.
Initialize engine version: 2021.3.29f1c1 (0b77087ad835)
[Subsystems] Discovering subsystems at path D:/work/Unity Hub/2021.3.29f1c1/Editor/Data/Resources/UnitySubsystems
[Subsystems] Discovering subsystems at path D:/work/ai/2DlittleGame/2DLittleGame-master/Assets
GfxDevice: creating device client; threaded=0; jobified=0
Direct3D:
    Version:  Direct3D 11.0 [level 11.1]
    Renderer: NVIDIA RTX A2000 Laptop GPU (ID=0x25b8)
    Vendor:   NVIDIA
    VRAM:     3993 MB
    Driver:   31.0.15.1801
Initialize mono
Mono path[0] = 'D:/work/Unity Hub/2021.3.29f1c1/Editor/Data/Managed'
Mono path[1] = 'D:/work/Unity Hub/2021.3.29f1c1/Editor/Data/MonoBleedingEdge/lib/mono/unityjit-win32'
Mono config path = 'D:/work/Unity Hub/2021.3.29f1c1/Editor/Data/MonoBleedingEdge/etc'
Using monoOptions --debugger-agent=transport=dt_socket,embedding=1,server=y,suspend=n,address=127.0.0.1:56208
Begin MonoManager ReloadAssembly
Registering precompiled unity dll's ...
Register platform support module: D:/work/Unity Hub/2021.3.29f1c1/Editor/Data/PlaybackEngines/WindowsStandaloneSupport/UnityEditor.WindowsStandalone.Extensions.dll
Registered in 0.001699 seconds.
Native extension for WindowsStandalone target not found
Refreshing native plugins compatible for Editor in 55.04 ms, found 3 plugins.
Preloading 0 native plugins for Editor in 0.00 ms.
Mono: successfully reloaded assembly
- Completed reload, in  0.474 seconds
Domain Reload Profiling:
	ReloadAssembly (475ms)
		BeginReloadAssembly (64ms)
			ExecutionOrderSort (0ms)
			DisableScriptedObjects (0ms)
			BackupInstance (0ms)
			ReleaseScriptingObjects (0ms)
			CreateAndSetChildDomain (1ms)
		EndReloadAssembly (336ms)
			LoadAssemblies (62ms)
			RebuildTransferFunctionScriptingTraits (0ms)
			SetupTypeCache (78ms)
			ReleaseScriptCaches (0ms)
			RebuildScriptCaches (22ms)
			SetupLoadedEditorAssemblies (196ms)
				LogAssemblyErrors (0ms)
				InitializePlatformSupportModulesInManaged (5ms)
				SetLoadedEditorAssemblies (0ms)
				RefreshPlugins (55ms)
				BeforeProcessingInitializeOnLoad (1ms)
				ProcessInitializeOnLoadAttributes (91ms)
				ProcessInitializeOnLoadMethodAttributes (43ms)
				AfterProcessingInitializeOnLoad (0ms)
				EditorAssembliesLoaded (0ms)
			ExecutionOrderSort2 (0ms)
			AwakeInstancesAfterBackupRestoration (0ms)
Platform modules already initialized, skipping
Registering precompiled user dll's ...
Registered in 0.006311 seconds.
Begin MonoManager ReloadAssembly
Symbol file LoadedFromMemory doesn't match image D:\work\ai\2DlittleGame\2DLittleGame-master\Library\PackageCache\com.unity.visualscripting@1.8.0\Editor\VisualScripting.Core\Dependencies\YamlDotNet\Unity.VisualScripting.YamlDotNet.dll
Symbol file LoadedFromMemory doesn't match image D:\work\ai\2DlittleGame\2DLittleGame-master\Library\PackageCache\com.unity.visualscripting@1.8.0\Editor\VisualScripting.Core\Dependencies\DotNetZip\Unity.VisualScripting.IonicZip.dll
Native extension for WindowsStandalone target not found
Refreshing native plugins compatible for Editor in 0.40 ms, found 3 plugins.
Preloading 0 native plugins for Editor in 0.00 ms.
Mono: successfully reloaded assembly
- Completed reload, in  0.851 seconds
Domain Reload Profiling:
	ReloadAssembly (852ms)
		BeginReloadAssembly (89ms)
			ExecutionOrderSort (0ms)
			DisableScriptedObjects (5ms)
			BackupInstance (0ms)
			ReleaseScriptingObjects (0ms)
			CreateAndSetChildDomain (15ms)
		EndReloadAssembly (680ms)
			LoadAssemblies (65ms)
			RebuildTransferFunctionScriptingTraits (0ms)
			SetupTypeCache (193ms)
			ReleaseScriptCaches (0ms)
			RebuildScriptCaches (39ms)
			SetupLoadedEditorAssemblies (359ms)
				LogAssemblyErrors (0ms)
				InitializePlatformSupportModulesInManaged (4ms)
				SetLoadedEditorAssemblies (1ms)
				RefreshPlugins (0ms)
				BeforeProcessingInitializeOnLoad (56ms)
				ProcessInitializeOnLoadAttributes (280ms)
				ProcessInitializeOnLoadMethodAttributes (14ms)
				AfterProcessingInitializeOnLoad (4ms)
				EditorAssembliesLoaded (0ms)
			ExecutionOrderSort2 (0ms)
			AwakeInstancesAfterBackupRestoration (5ms)
Platform modules already initialized, skipping
========================================================================
Worker process is ready to serve import requests
Launched and connected shader compiler UnityShaderCompiler.exe after 0.04 seconds
Refreshing native plugins compatible for Editor in 0.48 ms, found 3 plugins.
Preloading 0 native plugins for Editor in 0.00 ms.
Unloading 3067 Unused Serialized files (Serialized files now loaded: 0)
Unloading 22 unused Assets / (46.4 KB). Loaded Objects now: 3531.
Memory consumption went from 114.2 MB to 114.1 MB.
Total: 3.574000 ms (FindLiveObjects: 0.297800 ms CreateObjectMapping: 0.104700 ms MarkObjects: 3.103800 ms  DeleteObjects: 0.066800 ms)

AssetImportParameters requested are different than current active one (requested -> active):
  custom:video-decoder-ogg-theora: a1e56fd34408186e4bbccfd4996cb3dc -> 
  custom:container-muxer-webm: aa71ff27fc2769a1b78a27578f13a17b -> 
  custom:container-demuxer-webm: 4f35f7cbe854078d1ac9338744f61a02 -> 
  custom:video-encoder-webm-vp8: eb34c28f22e8b96e1ab97ce403110664 -> 
  custom:video-codec-MediaFoundation-h265: 746d11721c4dcdbdad8f713fa42b33f4 -> 
  custom:CustomObjectIndexerAttribute: bc11b3a6c3213fcdd17b65e7da85e133 -> 
  custom:audio-encoder-webm-vorbis: bf7c407c2cedff20999df2af8eb42d56 -> 
  custom:framework-win-MediaFoundation: 216162199b28c13a410421893ffa2e32 -> 
  custom:container-demuxer-ogg: 62fdf1f143b41e24485cea50d1cbac27 -> 
  custom:video-decoder-webm-vp8: 9c59270c3fd7afecdb556c50c9e8de78 -> 
  custom:audio-decoder-ogg-vorbis: bf7c407c2cedff20999df2af8eb42d56 -> 
========================================================================
Received Import Request.
  Time since last request: 227990.714983 seconds.
  path: Assets/贴图/西仓主界面贴图/背景
  artifactKey: Guid(6494e30158acd0343a5b95d3049d00e9) Importer(815301076,1909f56bfc062723c751e8b465ee728b)
Start importing Assets/贴图/西仓主界面贴图/背景 using Guid(6494e30158acd0343a5b95d3049d00e9) Importer(815301076,1909f56bfc062723c751e8b465ee728b)  -> (artifact id: 'c8fb77be302c117736668f58505fb8f8') in 0.017232 seconds 
========================================================================
Received Import Request.
  Time since last request: 0.000026 seconds.
  path: Assets/贴图/西仓主界面贴图
  artifactKey: Guid(8db3a47046033714fbbe5a8da16b8887) Importer(815301076,1909f56bfc062723c751e8b465ee728b)
Start importing Assets/贴图/西仓主界面贴图 using Guid(8db3a47046033714fbbe5a8da16b8887) Importer(815301076,1909f56bfc062723c751e8b465ee728b)  -> (artifact id: '767e571669eaab1abbefaeab81ac22b4') in 0.014008 seconds 
========================================================================
Received Import Request.
  Time since last request: 0.000038 seconds.
  path: Assets/贴图/西仓主界面贴图/背景/西仓背景图右裁切.jpg
  artifactKey: Guid(dc249d88a2684d94a8b83d1fddadba9b) Importer(815301076,1909f56bfc062723c751e8b465ee728b)
Start importing Assets/贴图/西仓主界面贴图/背景/西仓背景图右裁切.jpg using Guid(dc249d88a2684d94a8b83d1fddadba9b) Importer(815301076,1909f56bfc062723c751e8b465ee728b)  -> (artifact id: '513df4982e51fd670bde3af22135f25d') in 0.082723 seconds 
========================================================================
Received Import Request.
  Time since last request: 0.000017 seconds.
  path: Assets/贴图/Materials
  artifactKey: Guid(965c36d08c046e542995f7501f17f5a3) Importer(815301076,1909f56bfc062723c751e8b465ee728b)
Start importing Assets/贴图/Materials using Guid(965c36d08c046e542995f7501f17f5a3) Importer(815301076,1909f56bfc062723c751e8b465ee728b)  -> (artifact id: 'f0f557f6cad2bebece2810569b46362e') in 0.013358 seconds 
========================================================================
Received Import Request.
  Time since last request: 0.205369 seconds.
  path: Assets/贴图/西仓主界面贴图/背景/Materials
  artifactKey: Guid(640fda99017b0c2488ec3267cde3c3e2) Importer(815301076,1909f56bfc062723c751e8b465ee728b)
Start importing Assets/贴图/西仓主界面贴图/背景/Materials using Guid(640fda99017b0c2488ec3267cde3c3e2) Importer(815301076,1909f56bfc062723c751e8b465ee728b)  -> (artifact id: 'dc33b4eec0d9af63dce99e99e697427a') in 0.007414 seconds 
========================================================================
Received Import Request.
  Time since last request: 4.687182 seconds.
  path: Assets/贴图/西仓主界面贴图/人物/人2，本地caijian.png
  artifactKey: Guid(bff77f88b1a42ad4aa8a40969ee10542) Importer(815301076,1909f56bfc062723c751e8b465ee728b)
Start importing Assets/贴图/西仓主界面贴图/人物/人2，本地caijian.png using Guid(bff77f88b1a42ad4aa8a40969ee10542) Importer(815301076,1909f56bfc062723c751e8b465ee728b)  -> (artifact id: 'f3e21f4677709b94cbbddf241886ef05') in 0.043695 seconds 
========================================================================
Received Import Request.
  Time since last request: 0.053853 seconds.
  path: Assets/贴图/西仓主界面贴图/人物/人6，外地caijian.png
  artifactKey: Guid(4d5f419f6ea9f2b43ac2f92b824a7a97) Importer(815301076,1909f56bfc062723c751e8b465ee728b)
Start importing Assets/贴图/西仓主界面贴图/人物/人6，外地caijian.png using Guid(4d5f419f6ea9f2b43ac2f92b824a7a97) Importer(815301076,1909f56bfc062723c751e8b465ee728b)  -> (artifact id: '8c46c029e4e0dc3c2836b1af3713cc3d') in 0.037770 seconds 
========================================================================
Received Import Request.
  Time since last request: 0.000021 seconds.
  path: Assets/贴图/西仓主界面贴图/人物/人12，外地caijian.png
  artifactKey: Guid(ca3c65bc01441f648bb747c7755d682f) Importer(815301076,1909f56bfc062723c751e8b465ee728b)
Start importing Assets/贴图/西仓主界面贴图/人物/人12，外地caijian.png using Guid(ca3c65bc01441f648bb747c7755d682f) Importer(815301076,1909f56bfc062723c751e8b465ee728b)  -> (artifact id: 'e24de68fe523053f323bd48e7757f32f') in 0.041227 seconds 
========================================================================
Received Import Request.
  Time since last request: 0.000027 seconds.
  path: Assets/贴图/西仓主界面贴图/人物/人9，外地caijian.png
  artifactKey: Guid(85b204f2045fb8142bb9533e26ac74b0) Importer(815301076,1909f56bfc062723c751e8b465ee728b)
Start importing Assets/贴图/西仓主界面贴图/人物/人9，外地caijian.png using Guid(85b204f2045fb8142bb9533e26ac74b0) Importer(815301076,1909f56bfc062723c751e8b465ee728b)  -> (artifact id: 'f53861da0c68c18e6960fd718825450a') in 0.031007 seconds 
========================================================================
Received Import Request.
  Time since last request: 0.000020 seconds.
  path: Assets/贴图/西仓主界面贴图/人物/人16，本地caijian.png
  artifactKey: Guid(4236388092dc22d41ae1720b9b13fc0f) Importer(815301076,1909f56bfc062723c751e8b465ee728b)
Start importing Assets/贴图/西仓主界面贴图/人物/人16，本地caijian.png using Guid(4236388092dc22d41ae1720b9b13fc0f) Importer(815301076,1909f56bfc062723c751e8b465ee728b)  -> (artifact id: '01f6f073b222a5e8fa33b21a37eb2a9c') in 0.044365 seconds 
Editor requested this worker to shutdown with reason: Scaling down because of idle timeout
AssetImportWorker is now disconnected from the server
Process exiting
Exiting without the bug reporter. Application will terminate with return code 0